<?xml version="1.0" encoding="UTF-8"?>
<!-- Generated by org.testng.reporters.JUnitReportReporter -->
<testsuite hostname="DESKTOP-QNAE32B" failures="0" tests="1" name="com.se.global.customerlogintest.CustomerLogin" time="1.876" errors="0" timestamp="2023-01-19T14:02:21 IST" skipped="0">
  <testcase classname="com.se.global.customerlogintest.CustomerLogin" name="customerLoginTest" time="1.876"/>
  <system-out/>
</testsuite> <!-- com.se.global.customerlogintest.CustomerLogin -->
